<?xml version="1.0" encoding="UTF-8"?>
<testsuite xmlns:xsi="http://www.w3.org/2001/XMLSchema-instance" xsi:noNamespaceSchemaLocation="https://maven.apache.org/surefire/maven-surefire-plugin/xsd/surefire-test-report-3.0.xsd" version="3.0" name="no.hvl.dat152.rest.ws.jpa.test.BookRepositoryTest" time="10.765" tests="5" errors="0" skipped="0" failures="0">
  <properties>
[...]
</properties>
  <testcase name="testFindAllAndPage" classname="no.hvl.dat152.rest.ws.jpa.test.BookRepositoryTest" time="0.778">
    <system-out><![CDATA[
  .   ____          _            __ _ _
 /\\ / ___'_ __ _ _(_)_ __  __ _ \ \ \ \
( ( )\___ | '_ | '_| | '_ \/ _` | \ \ \ \
 \\/  ___)| |_)| | | | | || (_| |  ) ) ) )
  '  |____| .__|_| |_|_| |_\__, | / / / /
 =========|_|==============|___/=/_/_/_/
 :: Spring Boot ::                (v3.1.0)

2025-10-13T21:30:55.898+02:00  INFO 30088 --- [           main] n.h.d.r.ws.jpa.test.BookRepositoryTest   : Starting BookRepositoryTest using Java 17.0.12 with PID 30088 (started by henri in C:\HVL\DAT152\Oblig\oblgi2\nyOblig2\dat152-project2\library-spring-ws-rest)
2025-10-13T21:30:55.905+02:00  INFO 30088 --- [           main] n.h.d.r.ws.jpa.test.BookRepositoryTest   : No active profile set, falling back to 1 default profile: "default"
2025-10-13T21:30:57.157+02:00  INFO 30088 --- [           main] .s.d.r.c.RepositoryConfigurationDelegate : Bootstrapping Spring Data JPA repositories in DEFAULT mode.
2025-10-13T21:30:57.257+02:00  INFO 30088 --- [           main] .s.d.r.c.RepositoryConfigurationDelegate : Finished Spring Data repository scanning in 84 ms. Found 4 JPA repository interfaces.
2025-10-13T21:30:58.642+02:00  INFO 30088 --- [           main] o.hibernate.jpa.internal.util.LogHelper  : HHH000204: Processing PersistenceUnitInfo [name: default]
2025-10-13T21:30:58.796+02:00  INFO 30088 --- [           main] org.hibernate.Version                    : HHH000412: Hibernate ORM core version 6.2.2.Final
2025-10-13T21:30:58.801+02:00  INFO 30088 --- [           main] org.hibernate.cfg.Environment            : HHH000406: Using bytecode reflection optimizer
2025-10-13T21:30:59.211+02:00  INFO 30088 --- [           main] o.h.b.i.BytecodeProviderInitiator        : HHH000021: Bytecode provider name : bytebuddy
2025-10-13T21:30:59.520+02:00  INFO 30088 --- [           main] o.s.o.j.p.SpringPersistenceUnitInfo      : No LoadTimeWeaver setup: ignoring JPA class transformer
2025-10-13T21:30:59.574+02:00  INFO 30088 --- [           main] com.zaxxer.hikari.HikariDataSource       : HikariPool-1 - Starting...
2025-10-13T21:30:59.967+02:00  INFO 30088 --- [           main] com.zaxxer.hikari.pool.HikariPool        : HikariPool-1 - Added connection conn0: url=jdbc:h2:mem:librarydb user=SA
2025-10-13T21:30:59.972+02:00  INFO 30088 --- [           main] com.zaxxer.hikari.HikariDataSource       : HikariPool-1 - Start completed.
2025-10-13T21:31:00.018+02:00  INFO 30088 --- [           main] org.hibernate.orm.dialect                : HHH035001: Using dialect: org.hibernate.dialect.H2Dialect, version: 2.1.214
2025-10-13T21:31:00.471+02:00  INFO 30088 --- [           main] o.h.b.i.BytecodeProviderInitiator        : HHH000021: Bytecode provider name : bytebuddy
2025-10-13T21:31:01.617+02:00  INFO 30088 --- [           main] o.h.e.t.j.p.i.JtaPlatformInitiator       : HHH000490: Using JtaPlatform implementation: [org.hibernate.engine.transaction.jta.platform.internal.NoJtaPlatform]
Hibernate: create table author (author_id integer not null, firstname varchar(255) not null, lastname varchar(255) not null, primary key (author_id))
Hibernate: create table book (id bigint not null, isbn varchar(255) not null, title varchar(255) not null, primary key (id))
Hibernate: create table book_author (fk_book bigint not null, fk_author integer not null, primary key (fk_book, fk_author))
Hibernate: create table orders (id bigint not null, expiry date not null, isbn varchar(255) not null, user_id bigint, primary key (id))
Hibernate: create table users (userid bigint not null, firstname varchar(255) not null, lastname varchar(255) not null, primary key (userid))
Hibernate: alter table if exists book drop constraint if exists UK_ehpdfjpu1jm3hijhj4mm0hx9h
Hibernate: alter table if exists book add constraint UK_ehpdfjpu1jm3hijhj4mm0hx9h unique (isbn)
Hibernate: alter table if exists orders drop constraint if exists UK_awjw8b4vho2hf63eg5wynp3aw
Hibernate: alter table if exists orders add constraint UK_awjw8b4vho2hf63eg5wynp3aw unique (isbn)
Hibernate: create sequence author_seq start with 1 increment by 50
Hibernate: create sequence book_seq start with 1 increment by 50
Hibernate: create sequence orders_seq start with 1 increment by 50
Hibernate: create sequence users_seq start with 1 increment by 50
Hibernate: alter table if exists book_author add constraint FK2xwe4e9xvkh69tcsbktc9qa1f foreign key (fk_author) references author
Hibernate: alter table if exists book_author add constraint FK1fnhtttsxrymu4vnhpy7jxc9f foreign key (fk_book) references book
Hibernate: alter table if exists orders add constraint FK32ql8ubntj5uh44ph9659tiih foreign key (user_id) references users
2025-10-13T21:31:01.702+02:00  INFO 30088 --- [           main] j.LocalContainerEntityManagerFactoryBean : Initialized JPA EntityManagerFactory for persistence unit 'default'
2025-10-13T21:31:02.324+02:00  INFO 30088 --- [           main] o.s.d.j.r.query.QueryEnhancerFactory     : Hibernate is in classpath; If applicable, HQL parser will be used.
2025-10-13T21:31:03.438+02:00  WARN 30088 --- [           main] JpaBaseConfiguration$JpaWebConfiguration : spring.jpa.open-in-view is enabled by default. Therefore, database queries may be performed during view rendering. Explicitly configure spring.jpa.open-in-view to disable this warning
2025-10-13T21:31:04.132+02:00  INFO 30088 --- [           main] o.s.b.a.h2.H2ConsoleAutoConfiguration    : H2 console available at '/h2-console'. Database available at 'jdbc:h2:mem:librarydb'
2025-10-13T21:31:04.263+02:00  INFO 30088 --- [           main] n.h.d.r.ws.jpa.test.BookRepositoryTest   : Started BookRepositoryTest in 8.845 seconds (process running for 10.561)
Hibernate: select next value for author_seq
Hibernate: select next value for author_seq
Hibernate: insert into author (firstname,lastname,author_id) values (?,?,?)
Hibernate: insert into author (firstname,lastname,author_id) values (?,?,?)
Hibernate: insert into author (firstname,lastname,author_id) values (?,?,?)
Hibernate: insert into author (firstname,lastname,author_id) values (?,?,?)
Hibernate: insert into author (firstname,lastname,author_id) values (?,?,?)
Hibernate: insert into author (firstname,lastname,author_id) values (?,?,?)
Hibernate: select a1_0.author_id,a1_0.firstname,a1_0.lastname from author a1_0 where a1_0.author_id=?
Hibernate: select a1_0.author_id,a1_0.firstname,a1_0.lastname from author a1_0 where a1_0.author_id=?
Hibernate: select a1_0.author_id,a1_0.firstname,a1_0.lastname from author a1_0 where a1_0.author_id=?
Hibernate: select a1_0.author_id,a1_0.firstname,a1_0.lastname from author a1_0 where a1_0.author_id=?
Hibernate: select a1_0.author_id,a1_0.firstname,a1_0.lastname from author a1_0 where a1_0.author_id=?
Hibernate: select a1_0.author_id,a1_0.firstname,a1_0.lastname from author a1_0 where a1_0.author_id=?
Hibernate: select next value for book_seq
Hibernate: select next value for book_seq
Hibernate: insert into book (isbn,title,id) values (?,?,?)
Hibernate: insert into book (isbn,title,id) values (?,?,?)
Hibernate: insert into book (isbn,title,id) values (?,?,?)
Hibernate: insert into book (isbn,title,id) values (?,?,?)
Hibernate: insert into book (isbn,title,id) values (?,?,?)
Hibernate: insert into book_author (fk_book,fk_author) values (?,?)
Hibernate: insert into book_author (fk_book,fk_author) values (?,?)
Hibernate: insert into book_author (fk_book,fk_author) values (?,?)
Hibernate: insert into book_author (fk_book,fk_author) values (?,?)
Hibernate: insert into book_author (fk_book,fk_author) values (?,?)
Hibernate: insert into book_author (fk_book,fk_author) values (?,?)
Hibernate: select next value for users_seq
Hibernate: select next value for orders_seq
Hibernate: select next value for users_seq
Hibernate: select next value for orders_seq
Hibernate: insert into users (firstname,lastname,userid) values (?,?,?)
Hibernate: insert into orders (expiry,isbn,id) values (?,?,?)
Hibernate: insert into users (firstname,lastname,userid) values (?,?,?)
Hibernate: insert into orders (expiry,isbn,id) values (?,?,?)
Hibernate: insert into orders (expiry,isbn,id) values (?,?,?)
Hibernate: update orders set user_id=? where id=?
Hibernate: update orders set user_id=? where id=?
Hibernate: update orders set user_id=? where id=?
Hibernate: select b1_0.id,b1_0.isbn,b1_0.title from book b1_0 offset ? rows fetch first ? rows only
Hibernate: select count(b1_0.id) from book b1_0
Page 1 of 3 containing no.hvl.dat152.rest.ws.model.Book instances
]]></system-out>
  </testcase>
  <testcase name="testFindAllAndSort" classname="no.hvl.dat152.rest.ws.jpa.test.BookRepositoryTest" time="0.02">
    <system-out><![CDATA[Hibernate: select b1_0.id,b1_0.isbn,b1_0.title from book b1_0 order by b1_0.title
[Book [isbn=ghijk1234, title=Computer Network], Book [isbn=cfewxy2651, title=Designing Data-Intensive Applications], Book [isbn=rstuv1540, title=Introduction To Algorithms], Book [isbn=qabfde1230, title=Real-Time Operating System], Book [isbn=abcde1234, title=Software Engineering and System]]
]]></system-out>
  </testcase>
  <testcase name="testFindByTitleLike" classname="no.hvl.dat152.rest.ws.jpa.test.BookRepositoryTest" time="0.066">
    <system-out><![CDATA[Hibernate: select b1_0.id,b1_0.isbn,b1_0.title from book b1_0 where b1_0.title like ? escape '\'
[Book [isbn=abcde1234, title=Software Engineering and System]]
]]></system-out>
  </testcase>
  <testcase name="testFindByIsbn" classname="no.hvl.dat152.rest.ws.jpa.test.BookRepositoryTest" time="0.009">
    <system-out><![CDATA[Hibernate: select b1_0.id,b1_0.isbn,b1_0.title from book b1_0 where b1_0.isbn=?
Book [isbn=ghijk1234, title=Computer Network]
]]></system-out>
  </testcase>
  <testcase name="testFindBookByIsbn" classname="no.hvl.dat152.rest.ws.jpa.test.BookRepositoryTest" time="0.014">
    <system-out><![CDATA[Hibernate: select b1_0.id,b1_0.isbn,b1_0.title from book b1_0 where b1_0.isbn=?
Book [isbn=ghijk1234, title=Computer Network]
]]></system-out>
  </testcase>
</testsuite>