<?xml version="1.0" encoding="UTF-8"?>
<testsuite xmlns:xsi="http://www.w3.org/2001/XMLSchema-instance" xsi:noNamespaceSchemaLocation="https://maven.apache.org/surefire/maven-surefire-plugin/xsd/surefire-test-report-3.0.xsd" version="3.0" name="no.hvl.dat152.rest.ws.jpa.test.OrderRepositoryTest" time="0.233" tests="3" errors="0" skipped="0" failures="0">
  <properties>
[...]
</properties>
  <testcase name="testFindByUser_Id" classname="no.hvl.dat152.rest.ws.jpa.test.OrderRepositoryTest" time="0.136">
    <system-out><![CDATA[Hibernate: SELECT * FROM orders WHERE user_id = ?
Order [isbn=ghijk1234, expiry=2025-10-27]
]]></system-out>
  </testcase>
  <testcase name="testFindByExpiryBefore" classname="no.hvl.dat152.rest.ws.jpa.test.OrderRepositoryTest" time="0.051">
    <system-out><![CDATA[Hibernate: select o1_0.id,o1_0.expiry,o1_0.isbn from orders o1_0 where o1_0.expiry<? offset ? rows fetch first ? rows only
Hibernate: select count(o1_0.id) from orders o1_0 where o1_0.expiry<?
[Order [isbn=ghijk1234, expiry=2025-10-27], Order [isbn=qabfde1230, expiry=2025-11-03]]
2
3
]]></system-out>
  </testcase>
  <testcase name="testFindByExpiryLimitOffset" classname="no.hvl.dat152.rest.ws.jpa.test.OrderRepositoryTest" time="0.015">
    <system-out><![CDATA[Hibernate: SELECT * FROM orders WHERE expiry <= ? limit ? offset ? 
[Order [isbn=ghijk1234, expiry=2025-10-27], Order [isbn=qabfde1230, expiry=2025-11-03]]
]]></system-out>
  </testcase>
</testsuite>